\BOOKMARK [0][]{chapter*.4}{Abk\374rzungsverzeichnis}{}
\BOOKMARK [0][]{chapter*.5}{Abbildungsverzeichnis}{}
\BOOKMARK [0][]{chapter*.6}{Glossar}{}
\BOOKMARK [0][]{chapter.7}{Problemstellung und Zielsetzung der Arbeit}{}
\BOOKMARK [1][]{section.8}{Zielsetzung}{chapter.7}
\BOOKMARK [1][]{section.9}{Motivation}{chapter.7}
\BOOKMARK [1][]{section.10}{Vorgehensweise}{chapter.7}
\BOOKMARK [0][]{chapter.11}{Theoretische Grundlagen}{}
\BOOKMARK [1][]{section.12}{Datenbanken}{chapter.11}
\BOOKMARK [2][]{subsection.13}{Datenbankmanagementsysteme}{section.12}
\BOOKMARK [2][]{subsection.29}{Datenbankentwurf}{section.12}
\BOOKMARK [2][]{subsection.33}{Kardinalit\344ten}{section.12}
\BOOKMARK [2][]{subsection.39}{Normalisierung - Optimierung von Datenbanken}{section.12}
\BOOKMARK [1][]{section.54}{Webserver}{chapter.11}
\BOOKMARK [1][]{section.58}{Schnittstellen}{chapter.11}
\BOOKMARK [1][]{section.63}{Softwareentwicklung}{chapter.11}
\BOOKMARK [2][]{subsection.64}{Allgemein}{section.63}
\BOOKMARK [2][]{subsection.69}{Planung}{section.63}
\BOOKMARK [2][]{subsection.72}{Analyse}{section.63}
\BOOKMARK [2][]{subsection.74}{Entwurf}{section.63}
\BOOKMARK [2][]{subsection.76}{Programmierung}{section.63}
\BOOKMARK [2][]{subsection.77}{Validierung und Verifizierung}{section.63}
\BOOKMARK [1][]{section.80}{Unified Modeling Language}{chapter.11}
\BOOKMARK [1][]{section.93}{Media Access Control}{chapter.11}
\BOOKMARK [1][]{section.100}{Virtual Local Area Network}{chapter.11}
\BOOKMARK [1][]{section.103}{Simple Network Management Protocol}{chapter.11}
\BOOKMARK [1][]{section.108}{Cisco Discovery Protokoll}{chapter.11}
\BOOKMARK [0][]{chapter.110}{Analyse der jetzigen Situation der Pirelli Deutschland GbmH}{}
\BOOKMARK [1][]{section.111}{Situationsbeschreibung}{chapter.110}
\BOOKMARK [1][]{section.113}{Anforderungsdefinition}{chapter.110}
\BOOKMARK [1][]{section.116}{Anforderungsanalyse}{chapter.110}
\BOOKMARK [1][]{section.118}{Betrachtung bereits existierender L\366sungen}{chapter.110}
\BOOKMARK [1][]{section.122}{Entscheidung zur eigenen Programmierung}{chapter.110}
\BOOKMARK [0][]{chapter.123}{Entwurf und Implementierung}{}
\BOOKMARK [1][]{section.124}{Entwurf}{chapter.123}
\BOOKMARK [2][]{subsection.125}{Usecases}{section.124}
\BOOKMARK [2][]{subsection.127}{Klassendiagramme}{section.124}
\BOOKMARK [2][]{subsection.129}{Sequenzdiagramme}{section.124}
\BOOKMARK [2][]{subsection.132}{Aktivit\344tsdiagramme}{section.124}
\BOOKMARK [2][]{subsection.136}{Enitity Relationship Model}{section.124}
\BOOKMARK [1][]{section.138}{Design Entscheidungen}{chapter.123}
\BOOKMARK [1][]{section.144}{Auswahl der Hilfsmittel}{chapter.123}
\BOOKMARK [1][]{section.145}{Schnittstellen}{chapter.123}
\BOOKMARK [1][]{section.146}{Zeitplan}{chapter.123}
\BOOKMARK [1][]{section.149}{Realisierung}{chapter.123}
\BOOKMARK [1][]{section.153}{Probleme bei der Implementierung}{chapter.123}
\BOOKMARK [1][]{section.154}{Tests}{chapter.123}
\BOOKMARK [1][]{section.158}{Weitere Anwendungsfelder / Datamining}{chapter.123}
\BOOKMARK [1][]{section.159}{Wirtschaftliche Betrachtung}{chapter.123}
\BOOKMARK [0][]{chapter.164}{Fazit}{}
\BOOKMARK [0][]{section*.165}{Anhang}{}
\BOOKMARK [0][]{chapter*.183}{Quellen/Literaturverzeichnis}{}
\BOOKMARK [0][]{chapter*.184}{Ehrenw\366rtliche Erkl\344rung}{}
