\BOOKMARK [0][]{chapter*.3}{Abk\374rzungsverzeichnis}{}
\BOOKMARK [0][]{chapter*.4}{Abbildungsverzeichnis}{}
\BOOKMARK [0][]{chapter.5}{Problemstellung und Zielsetzung der Arbeit}{}
\BOOKMARK [1][]{section.6}{Zielsetzung}{chapter.5}
\BOOKMARK [1][]{section.7}{Motivation}{chapter.5}
\BOOKMARK [1][]{section.8}{Vorgehensweise}{chapter.5}
\BOOKMARK [0][]{chapter.9}{Theoretische Grundlagen}{}
\BOOKMARK [1][]{section.10}{Datenbanken}{chapter.9}
\BOOKMARK [2][]{subsection.11}{Datenbankentwurf}{section.10}
\BOOKMARK [2][]{subsection.16}{Kardinalit\344ten}{section.10}
\BOOKMARK [2][]{subsection.21}{Normalisierung - Optimierung von Datenbanken}{section.10}
\BOOKMARK [2][]{subsection.37}{Datenbankmanagementsysteme}{section.10}
\BOOKMARK [1][]{section.54}{Webserver}{chapter.9}
\BOOKMARK [1][]{section.58}{Schnittstellen}{chapter.9}
\BOOKMARK [1][]{section.63}{Softwareentwicklung}{chapter.9}
\BOOKMARK [2][]{subsection.64}{Allgemeines}{section.63}
\BOOKMARK [2][]{subsection.69}{Planung}{section.63}
\BOOKMARK [2][]{subsection.72}{Analyse}{section.63}
\BOOKMARK [2][]{subsection.74}{Entwurf}{section.63}
\BOOKMARK [2][]{subsection.76}{Programmierung}{section.63}
\BOOKMARK [2][]{subsection.77}{Validierung und Verifizierung}{section.63}
\BOOKMARK [1][]{section.80}{Unified Modeling Language}{chapter.9}
\BOOKMARK [1][]{section.93}{Media Access Control}{chapter.9}
\BOOKMARK [1][]{section.100}{Virtual Local Area Network}{chapter.9}
\BOOKMARK [1][]{section.103}{Simple Network Management Protocol}{chapter.9}
\BOOKMARK [1][]{section.108}{Cisco Discovery Protokoll}{chapter.9}
\BOOKMARK [0][]{chapter.110}{Analyse der jetzigen Situation der Pirelli Deutschland GbmH}{}
\BOOKMARK [1][]{section.111}{Situationsbeschreibung}{chapter.110}
\BOOKMARK [1][]{section.113}{Anforderungsdefinition}{chapter.110}
\BOOKMARK [1][]{section.115}{Anforderungsanalyse}{chapter.110}
\BOOKMARK [1][]{section.117}{Betrachtung bereits existierender L\366sungen}{chapter.110}
\BOOKMARK [1][]{section.121}{Entscheidung zur eigenen Programmierung}{chapter.110}
\BOOKMARK [0][]{chapter.122}{Entwurf und Implementierung}{}
\BOOKMARK [1][]{section.123}{Entwurf}{chapter.122}
\BOOKMARK [2][]{subsection.124}{Usecases}{section.123}
\BOOKMARK [2][]{subsection.126}{Klassendiagramme}{section.123}
\BOOKMARK [2][]{subsection.128}{Sequenzdiagramme}{section.123}
\BOOKMARK [2][]{subsection.131}{Aktivit\344tsdiagramme}{section.123}
\BOOKMARK [2][]{subsection.135}{Enitity Relationship Model}{section.123}
\BOOKMARK [1][]{section.137}{Design Entscheidungen}{chapter.122}
\BOOKMARK [1][]{section.142}{Auswahl der Hilfsmittel}{chapter.122}
\BOOKMARK [1][]{section.143}{Schnittstellen}{chapter.122}
\BOOKMARK [1][]{section.144}{Zeitplan}{chapter.122}
\BOOKMARK [1][]{section.147}{Realisierung}{chapter.122}
\BOOKMARK [1][]{section.151}{Probleme bei der Implementierung}{chapter.122}
\BOOKMARK [1][]{section.152}{Tests}{chapter.122}
\BOOKMARK [1][]{section.156}{Weitere Anwendungsfelder / Datamining}{chapter.122}
\BOOKMARK [1][]{section.157}{Wirtschaftliche Betrachtung}{chapter.122}
\BOOKMARK [0][]{chapter.162}{Fazit}{}
\BOOKMARK [0][]{chapter*.163}{Quellen/Literaturverzeichnis}{}
\BOOKMARK [0][]{appendix.164}{Anhang}{}
\BOOKMARK [0][]{appendix*.175}{Ehrenw\366rtliche Erkl\344rung}{}
