\BOOKMARK [0][]{chapter*.3}{Abk\374rzungsverzeichnis}{}
\BOOKMARK [0][]{chapter*.4}{Abbildungsverzeichnis}{}
\BOOKMARK [0][]{chapter.5}{Einleitung}{}
\BOOKMARK [0][]{chapter.6}{Theoretische Grundlagen}{}
\BOOKMARK [1][]{section.7}{Datenbank Entwurf / ERM}{chapter.6}
\BOOKMARK [1][]{section.12}{Kardinalit\344ten}{chapter.6}
\BOOKMARK [1][]{section.15}{Normalisierung - Optimierung von Datenbanken}{chapter.6}
\BOOKMARK [1][]{section.27}{DBMS}{chapter.6}
\BOOKMARK [1][]{section.34}{Webserver}{chapter.6}
\BOOKMARK [1][]{section.37}{Schnittstellen}{chapter.6}
\BOOKMARK [1][]{section.39}{Softwareentwicklung}{chapter.6}
\BOOKMARK [1][]{section.40}{UML}{chapter.6}
\BOOKMARK [1][]{section.45}{MAC - Media Access Control}{chapter.6}
\BOOKMARK [1][]{section.46}{VLAN - Virtual Local Area Network}{chapter.6}
\BOOKMARK [1][]{section.47}{SNMP}{chapter.6}
\BOOKMARK [1][]{section.51}{CDP - Cisco Discovery Protokoll}{chapter.6}
\BOOKMARK [0][]{chapter.52}{Praktische Umsetzung}{}
\BOOKMARK [1][]{section.53}{Situationsbeschreibung}{chapter.52}
\BOOKMARK [1][]{section.54}{Anforderungsdefinition}{chapter.52}
\BOOKMARK [1][]{section.56}{Anforderungsanalyse}{chapter.52}
\BOOKMARK [1][]{section.57}{Betrachtung bereits existierender L\366sungen}{chapter.52}
\BOOKMARK [1][]{section.58}{Entscheidung zur eigenen Herstellung}{chapter.52}
\BOOKMARK [1][]{section.59}{Entwurf}{chapter.52}
\BOOKMARK [2][]{subsection.60}{Usecases}{section.59}
\BOOKMARK [2][]{subsection.62}{Klassendiagramme}{section.59}
\BOOKMARK [2][]{subsection.65}{Sequenzdiagramme}{section.59}
\BOOKMARK [2][]{subsection.67}{Aktivit\344tsdiagramme}{section.59}
\BOOKMARK [2][]{subsection.70}{ERM}{section.59}
\BOOKMARK [1][]{section.72}{Design Entscheidungen}{chapter.52}
\BOOKMARK [1][]{section.77}{Auswahl der Hilfsmittel}{chapter.52}
\BOOKMARK [1][]{section.78}{Schnittstellen}{chapter.52}
\BOOKMARK [1][]{section.79}{Zeitplan}{chapter.52}
\BOOKMARK [1][]{section.82}{Realisierung}{chapter.52}
\BOOKMARK [1][]{section.83}{Probleme bei der Implementierung}{chapter.52}
\BOOKMARK [1][]{section.84}{Tests}{chapter.52}
\BOOKMARK [1][]{section.88}{Weitere Anwendungsfelder / Datamining}{chapter.52}
\BOOKMARK [1][]{section.89}{Wirtschaftliche Betrachtung}{chapter.52}
\BOOKMARK [0][]{chapter.90}{Fazit}{}
\BOOKMARK [0][]{chapter*.91}{Literaturverzeichnis}{}
\BOOKMARK [0][]{appendix.92}{Anleitung zur Fehlerbehebung}{}
\BOOKMARK [0][]{appendix*.93}{Ehrenw\366rtliche Erkl\344rung}{}
