\BOOKMARK [0][]{chapter*.3}{Abk\374rzungsverzeichnis}{}
\BOOKMARK [0][]{chapter*.4}{Abbildungsverzeichnis}{}
\BOOKMARK [0][]{chapter.5}{Einleitung}{}
\BOOKMARK [0][]{chapter.6}{Theoretische Grundlagen}{}
\BOOKMARK [1][]{section.7}{Datenbank Entwurf / ERM}{chapter.6}
\BOOKMARK [1][]{section.12}{Kardinalitten}{chapter.6}
\BOOKMARK [1][]{section.15}{Normalisierung - Optimierung von Datenbanken}{chapter.6}
\BOOKMARK [1][]{section.27}{DBMS}{chapter.6}
\BOOKMARK [1][]{section.34}{Webserver}{chapter.6}
\BOOKMARK [1][]{section.37}{UML}{chapter.6}
\BOOKMARK [1][]{section.38}{MAC - Media Access Control}{chapter.6}
\BOOKMARK [1][]{section.39}{VLAN - Virtual Local Area Network}{chapter.6}
\BOOKMARK [1][]{section.40}{SNMP}{chapter.6}
\BOOKMARK [1][]{section.41}{CDP - Cisco Discovery Protokoll}{chapter.6}
\BOOKMARK [0][]{chapter.42}{Praktische Umsetzung}{}
\BOOKMARK [1][]{section.43}{Situationsbeschreibung}{chapter.42}
\BOOKMARK [1][]{section.44}{Anforderungsdefinition}{chapter.42}
\BOOKMARK [1][]{section.46}{Anforderungsanalyse}{chapter.42}
\BOOKMARK [1][]{section.47}{Betrachtung bereits existierender L\366sungen}{chapter.42}
\BOOKMARK [1][]{section.48}{Entscheidung zur eigenen Herstellung}{chapter.42}
\BOOKMARK [1][]{section.49}{Entwurf}{chapter.42}
\BOOKMARK [2][]{subsection.50}{Usecases}{section.49}
\BOOKMARK [2][]{subsection.52}{Klassendiagramme}{section.49}
\BOOKMARK [2][]{subsection.55}{Sequenzdiagramme}{section.49}
\BOOKMARK [2][]{subsection.57}{Aktivit\344tsdiagramme}{section.49}
\BOOKMARK [2][]{subsection.60}{ERM}{section.49}
\BOOKMARK [1][]{section.62}{Design Entscheidungen}{chapter.42}
\BOOKMARK [1][]{section.67}{Auswahl der Hilfsmittel}{chapter.42}
\BOOKMARK [1][]{section.68}{Schnittstellen}{chapter.42}
\BOOKMARK [1][]{section.69}{Zeitplan}{chapter.42}
\BOOKMARK [1][]{section.72}{Realisierung}{chapter.42}
\BOOKMARK [1][]{section.73}{Probleme bei der Implementierung}{chapter.42}
\BOOKMARK [1][]{section.74}{Tests}{chapter.42}
\BOOKMARK [1][]{section.76}{Weitere Anwendungsfelder / Datamining}{chapter.42}
\BOOKMARK [1][]{section.77}{Wirtschaftliche Betrachtung}{chapter.42}
\BOOKMARK [0][]{chapter.78}{Fazit}{}
\BOOKMARK [0][]{chapter*.79}{Literaturverzeichnis}{}
\BOOKMARK [0][]{appendix.80}{Anleitung zur Fehlerbehebung}{}
\BOOKMARK [0][]{appendix*.81}{Ehrenw\366rtliche Erkl\344rung}{}
